listening on 192.168.1.134:1337 
Registered:  { prefix: 'indefatigable.bash.se',
  server: 'indefatigable.bash.se',
  command: 'rpl_welcome',
  rawCommand: '001',
  commandType: 'reply',
  args: 
   [ 'putte',
     'Welcome to the USCH-NET Internet Relay Chat Network putte' ] }
incoming connection, handshake: { headers: 
   { host: '192.168.1.134:1337',
     connection: 'keep-alive',
     'user-agent': 'Mozilla/5.0 (Windows NT 10.0; Win64; x64) AppleWebKit/537.36 (KHTML, like Gecko) Chrome/61.0.3163.91 Safari/537.36',
     accept: '*/*',
     dnt: '1',
     referer: 'http://192.168.1.134:1337/',
     'accept-encoding': 'gzip, deflate',
     'accept-language': 'en-GB,en;q=0.8,en-US;q=0.6,sv;q=0.4,da;q=0.2' },
  time: 'Wed Sep 20 2017 11:34:39 GMT+0200 (DST)',
  address: '::ffff:192.168.1.134',
  xdomain: false,
  secure: false,
  issued: 1505900079613,
  url: '/socket.io/?EIO=3&transport=polling&t=LwUewdb',
  query: { EIO: '3', transport: 'polling', t: 'LwUewdb' } }
connection closed, handshake: { headers: 
   { host: '192.168.1.134:1337',
     connection: 'keep-alive',
     'user-agent': 'Mozilla/5.0 (Windows NT 10.0; Win64; x64) AppleWebKit/537.36 (KHTML, like Gecko) Chrome/61.0.3163.91 Safari/537.36',
     accept: '*/*',
     dnt: '1',
     referer: 'http://192.168.1.134:1337/',
     'accept-encoding': 'gzip, deflate',
     'accept-language': 'en-GB,en;q=0.8,en-US;q=0.6,sv;q=0.4,da;q=0.2' },
  time: 'Wed Sep 20 2017 11:34:39 GMT+0200 (DST)',
  address: '::ffff:192.168.1.134',
  xdomain: false,
  secure: false,
  issued: 1505900079613,
  url: '/socket.io/?EIO=3&transport=polling&t=LwUewdb',
  query: { EIO: '3', transport: 'polling', t: 'LwUewdb' } }
incoming connection, handshake: { headers: 
   { host: '192.168.1.134:1337',
     connection: 'keep-alive',
     'user-agent': 'Mozilla/5.0 (Windows NT 10.0; Win64; x64) AppleWebKit/537.36 (KHTML, like Gecko) Chrome/61.0.3163.91 Safari/537.36',
     accept: '*/*',
     dnt: '1',
     referer: 'http://192.168.1.134:1337/',
     'accept-encoding': 'gzip, deflate',
     'accept-language': 'en-GB,en;q=0.8,en-US;q=0.6,sv;q=0.4,da;q=0.2',
     cookie: 'io=mFdiJpmGEdk5rJNTAAAA' },
  time: 'Wed Sep 20 2017 11:36:02 GMT+0200 (DST)',
  address: '::ffff:192.168.1.134',
  xdomain: false,
  secure: false,
  issued: 1505900162330,
  url: '/socket.io/?EIO=3&transport=polling&t=LwUfEqJ',
  query: { EIO: '3', transport: 'polling', t: 'LwUfEqJ' } }
connection closed, handshake: { headers: 
   { host: '192.168.1.134:1337',
     connection: 'keep-alive',
     'user-agent': 'Mozilla/5.0 (Windows NT 10.0; Win64; x64) AppleWebKit/537.36 (KHTML, like Gecko) Chrome/61.0.3163.91 Safari/537.36',
     accept: '*/*',
     dnt: '1',
     referer: 'http://192.168.1.134:1337/',
     'accept-encoding': 'gzip, deflate',
     'accept-language': 'en-GB,en;q=0.8,en-US;q=0.6,sv;q=0.4,da;q=0.2',
     cookie: 'io=mFdiJpmGEdk5rJNTAAAA' },
  time: 'Wed Sep 20 2017 11:36:02 GMT+0200 (DST)',
  address: '::ffff:192.168.1.134',
  xdomain: false,
  secure: false,
  issued: 1505900162330,
  url: '/socket.io/?EIO=3&transport=polling&t=LwUfEqJ',
  query: { EIO: '3', transport: 'polling', t: 'LwUfEqJ' } }
incoming connection, handshake: { headers: 
   { host: '192.168.1.134:1337',
     connection: 'keep-alive',
     'user-agent': 'Mozilla/5.0 (Windows NT 10.0; Win64; x64) AppleWebKit/537.36 (KHTML, like Gecko) Chrome/61.0.3163.91 Safari/537.36',
     accept: '*/*',
     dnt: '1',
     referer: 'http://192.168.1.134:1337/',
     'accept-encoding': 'gzip, deflate',
     'accept-language': 'en-GB,en;q=0.8,en-US;q=0.6,sv;q=0.4,da;q=0.2',
     cookie: 'io=DgfOwcgt3S64DtnsAAAB' },
  time: 'Wed Sep 20 2017 11:36:17 GMT+0200 (DST)',
  address: '::ffff:192.168.1.134',
  xdomain: false,
  secure: false,
  issued: 1505900177465,
  url: '/socket.io/?EIO=3&transport=polling&t=LwUfIWq',
  query: { EIO: '3', transport: 'polling', t: 'LwUfIWq' } }
incoming connection, handshake: { headers: 
   { host: '192.168.1.134:1337',
     connection: 'keep-alive',
     'user-agent': 'Mozilla/5.0 (Windows NT 10.0; Win64; x64) AppleWebKit/537.36 (KHTML, like Gecko) Chrome/61.0.3163.91 Safari/537.36',
     accept: '*/*',
     dnt: '1',
     referer: 'http://192.168.1.134:1337/',
     'accept-encoding': 'gzip, deflate',
     'accept-language': 'en-GB,en;q=0.8,en-US;q=0.6,sv;q=0.4,da;q=0.2',
     cookie: 'io=dy-nWxACsSGRxTydAAAC' },
  time: 'Wed Sep 20 2017 11:36:42 GMT+0200 (DST)',
  address: '::ffff:192.168.1.134',
  xdomain: false,
  secure: false,
  issued: 1505900202192,
  url: '/socket.io/?EIO=3&transport=polling&t=LwUfOZB',
  query: { EIO: '3', transport: 'polling', t: 'LwUfOZB' } }
connection closed, handshake: { headers: 
   { host: '192.168.1.134:1337',
     connection: 'keep-alive',
     'user-agent': 'Mozilla/5.0 (Windows NT 10.0; Win64; x64) AppleWebKit/537.36 (KHTML, like Gecko) Chrome/61.0.3163.91 Safari/537.36',
     accept: '*/*',
     dnt: '1',
     referer: 'http://192.168.1.134:1337/',
     'accept-encoding': 'gzip, deflate',
     'accept-language': 'en-GB,en;q=0.8,en-US;q=0.6,sv;q=0.4,da;q=0.2',
     cookie: 'io=dy-nWxACsSGRxTydAAAC' },
  time: 'Wed Sep 20 2017 11:36:42 GMT+0200 (DST)',
  address: '::ffff:192.168.1.134',
  xdomain: false,
  secure: false,
  issued: 1505900202192,
  url: '/socket.io/?EIO=3&transport=polling&t=LwUfOZB',
  query: { EIO: '3', transport: 'polling', t: 'LwUfOZB' } }
listening on 192.168.1.134:1337 
incoming connection, handshake: { headers: 
   { host: '192.168.1.134:1337',
     connection: 'keep-alive',
     'user-agent': 'Mozilla/5.0 (Windows NT 10.0; Win64; x64) AppleWebKit/537.36 (KHTML, like Gecko) Chrome/61.0.3163.91 Safari/537.36',
     accept: '*/*',
     dnt: '1',
     referer: 'http://192.168.1.134:1337/',
     'accept-encoding': 'gzip, deflate',
     'accept-language': 'en-GB,en;q=0.8,en-US;q=0.6,sv;q=0.4,da;q=0.2',
     cookie: 'io=dwTT9apWLHTp4ehBAAAD' },
  time: 'Wed Sep 20 2017 11:39:49 GMT+0200 (DST)',
  address: '::ffff:192.168.1.134',
  xdomain: false,
  secure: false,
  issued: 1505900389384,
  url: '/socket.io/?EIO=3&transport=polling&t=LwUg684',
  query: { EIO: '3', transport: 'polling', t: 'LwUg684' } }
Registered:  { prefix: 'mirkk.bsnet.se',
  server: 'mirkk.bsnet.se',
  command: 'rpl_welcome',
  rawCommand: '001',
  commandType: 'reply',
  args: 
   [ 'putte',
     'Welcome to the USCH-NET Internet Relay Chat Network putte' ] }
incoming connection, handshake: { headers: 
   { host: '192.168.1.134:1337',
     connection: 'keep-alive',
     'user-agent': 'Mozilla/5.0 (Windows NT 10.0; Win64; x64) AppleWebKit/537.36 (KHTML, like Gecko) Chrome/61.0.3163.91 Safari/537.36',
     accept: '*/*',
     dnt: '1',
     referer: 'http://192.168.1.134:1337/',
     'accept-encoding': 'gzip, deflate',
     'accept-language': 'en-GB,en;q=0.8,en-US;q=0.6,sv;q=0.4,da;q=0.2',
     cookie: 'io=B8ZIKNgr6JEYtej_AAAA' },
  time: 'Wed Sep 20 2017 11:40:18 GMT+0200 (DST)',
  address: '::ffff:192.168.1.134',
  xdomain: false,
  secure: false,
  issued: 1505900418221,
  url: '/socket.io/?EIO=3&transport=polling&t=LwUgDIc',
  query: { EIO: '3', transport: 'polling', t: 'LwUgDIc' } }
connection closed, handshake: { headers: 
   { host: '192.168.1.134:1337',
     connection: 'keep-alive',
     'user-agent': 'Mozilla/5.0 (Windows NT 10.0; Win64; x64) AppleWebKit/537.36 (KHTML, like Gecko) Chrome/61.0.3163.91 Safari/537.36',
     accept: '*/*',
     dnt: '1',
     referer: 'http://192.168.1.134:1337/',
     'accept-encoding': 'gzip, deflate',
     'accept-language': 'en-GB,en;q=0.8,en-US;q=0.6,sv;q=0.4,da;q=0.2',
     cookie: 'io=dwTT9apWLHTp4ehBAAAD' },
  time: 'Wed Sep 20 2017 11:39:49 GMT+0200 (DST)',
  address: '::ffff:192.168.1.134',
  xdomain: false,
  secure: false,
  issued: 1505900389384,
  url: '/socket.io/?EIO=3&transport=polling&t=LwUg684',
  query: { EIO: '3', transport: 'polling', t: 'LwUg684' } }
